<?xml version="1.0" encoding="UTF-8"?>
<!-- Generated by org.testng.reporters.JUnitReportReporter -->
<testsuite skipped="0" hostname="DESKTOP-65AMNQA" name="com.stackroute.MakeMyTripExercise" tests="2" failures="0" timestamp="2020-10-07T19:47:58 IST" time="72.523" errors="0">
  <testcase name="webElementTest01" time="7.737" classname="com.stackroute.MakeMyTripExercise"/>
  <system-out/>
  <testcase name="webElementTest03" time="64.786" classname="com.stackroute.MakeMyTripExercise"/>
  <system-out/>
</testsuite> <!-- com.stackroute.MakeMyTripExercise -->
