<?xml version="1.0" encoding="UTF-8"?>
<!-- Generated by org.testng.reporters.JUnitReportReporter -->
<testsuite skipped="0" hostname="DESKTOP-65AMNQA" name="com.stackroute.ebayExercise" tests="3" failures="0" timestamp="2020-09-10T20:41:41 IST" time="8.025" errors="0">
  <testcase name="webElementTest02" time="4.350" classname="com.stackroute.ebayExercise"/>
  <system-out/>
  <testcase name="webElementTest03" time="1.280" classname="com.stackroute.ebayExercise"/>
  <system-out/>
  <testcase name="webElementTest01" time="2.395" classname="com.stackroute.ebayExercise"/>
  <system-out/>
</testsuite> <!-- com.stackroute.ebayExercise -->
