<?xml version="1.0" encoding="UTF-8"?>
<!-- Generated by org.testng.reporters.JUnitReportReporter -->
<testsuite skipped="0" hostname="DESKTOP-65AMNQA" name="com.stackroute.AmazonExercise" tests="4" failures="0" timestamp="2020-09-11T15:53:14 IST" time="31.554" errors="0">
  <testcase name="webElementTest02" time="6.984" classname="com.stackroute.AmazonExercise"/>
  <system-out/>
  <testcase name="webElementTest01" time="9.448" classname="com.stackroute.AmazonExercise"/>
  <system-out/>
  <testcase name="webElementTest03" time="7.441" classname="com.stackroute.AmazonExercise"/>
  <system-out/>
  <testcase name="webElementTest04" time="7.681" classname="com.stackroute.AmazonExercise"/>
  <system-out/>
</testsuite> <!-- com.stackroute.AmazonExercise -->
