<?xml version="1.0" encoding="UTF-8"?>
<!-- Generated by org.testng.reporters.JUnitReportReporter -->
<testsuite skipped="0" hostname="DESKTOP-65AMNQA" name="com.stackroute.TestNGCls" tests="4" failures="0" timestamp="2020-09-11T15:56:09 IST" time="29.301" errors="0">
  <testcase name="webElementTest02" time="8.225" classname="com.stackroute.TestNGCls"/>
  <system-out/>
  <testcase name="webElementTest01" time="6.331" classname="com.stackroute.TestNGCls"/>
  <system-out/>
  <testcase name="webElementTest04" time="7.888" classname="com.stackroute.TestNGCls"/>
  <system-out/>
  <testcase name="webElementTest03" time="6.857" classname="com.stackroute.TestNGCls"/>
  <system-out/>
</testsuite> <!-- com.stackroute.TestNGCls -->
