<?xml version="1.0" encoding="UTF-8"?>
<!-- Generated by org.testng.reporters.JUnitReportReporter -->
<testsuite skipped="0" hostname="DESKTOP-65AMNQA" name="com.stackroute.FormExercise" tests="2" failures="0" timestamp="2020-09-12T19:38:57 IST" time="22.990" errors="0">
  <testcase name="webElementTest01" time="8.496" classname="com.stackroute.FormExercise"/>
  <system-out/>
  <testcase name="webElementTest02" time="14.494" classname="com.stackroute.FormExercise"/>
  <system-out/>
</testsuite> <!-- com.stackroute.FormExercise -->
