<?xml version="1.0" encoding="UTF-8"?>
<!-- Generated by org.testng.reporters.JUnitReportReporter -->
<testsuite skipped="0" hostname="DESKTOP-65AMNQA" name="com.stackroute.GoDaddyExercise" tests="3" failures="0" timestamp="2020-09-11T10:45:14 IST" time="5.435" errors="0">
  <testcase name="webElementTest03" time="1.531" classname="com.stackroute.GoDaddyExercise"/>
  <system-out/>
  <testcase name="webElementTest01" time="3.600" classname="com.stackroute.GoDaddyExercise"/>
  <system-out/>
  <testcase name="webElementTest02" time="0.304" classname="com.stackroute.GoDaddyExercise"/>
  <system-out/>
</testsuite> <!-- com.stackroute.GoDaddyExercise -->
