<?xml version="1.0" encoding="UTF-8"?>
<!-- Generated by org.testng.reporters.JUnitReportReporter -->
<testsuite skipped="0" hostname="DESKTOP-65AMNQA" name="com.stackroute.UserRegistrationExercise" tests="2" failures="0" timestamp="2020-09-11T23:49:20 IST" time="22.353" errors="0">
  <testcase name="webElementTest01" time="10.324" classname="com.stackroute.UserRegistrationExercise"/>
  <system-out/>
  <testcase name="webElementTest02" time="12.029" classname="com.stackroute.UserRegistrationExercise"/>
  <system-out/>
</testsuite> <!-- com.stackroute.UserRegistrationExercise -->
